This is pdfTeXk, Version 3.141592-1.40.3 (Web2C 7.5.6) (format=pdflatex 2009.11.19)  22 MAY 2010 18:13
entering extended mode
 %&-line parsing enabled.
**RMAExpress_UsersGuide.tex
(./RMAExpress_UsersGuide.tex
LaTeX2e <2005/12/01>
Babel <v3.8h> and hyphenation patterns for english, usenglishmax, dumylang, noh
yphenation, arabic, basque, bulgarian, coptic, welsh, czech, slovak, german, ng
erman, danish, esperanto, spanish, catalan, galician, estonian, farsi, finnish,
 french, greek, monogreek, ancientgreek, croatian, hungarian, interlingua, ibyc
us, indonesian, icelandic, italian, latin, mongolian, dutch, norsk, polish, por
tuguese, pinyin, romanian, russian, slovenian, uppersorbian, serbian, swedish, 
turkish, ukenglish, ukrainian, loaded.
(/usr/share/texmf/tex/latex/base/report.cls
Document Class: report 2005/09/16 v1.4f Standard LaTeX document class
(/usr/share/texmf/tex/latex/base/size11.clo
File: size11.clo 2005/09/16 v1.4f Standard LaTeX file (size option)
)
\c@part=\count79
\c@chapter=\count80
\c@section=\count81
\c@subsection=\count82
\c@subsubsection=\count83
\c@paragraph=\count84
\c@subparagraph=\count85
\c@figure=\count86
\c@table=\count87
\abovecaptionskip=\skip41
\belowcaptionskip=\skip42
\bibindent=\dimen102
)
(/usr/share/texmf/tex/latex/preprint/fullpage.sty
Package: fullpage 1999/02/23 1.1 (PWD)
\FP@margin=\skip43
)
(/usr/share/texmf/tex/latex/graphics/graphicx.sty
Package: graphicx 1999/02/16 v1.0f Enhanced LaTeX Graphics (DPC,SPQR)

(/usr/share/texmf/tex/latex/graphics/keyval.sty
Package: keyval 1999/03/16 v1.13 key=value parser (DPC)
\KV@toks@=\toks14
)
(/usr/share/texmf/tex/latex/graphics/graphics.sty
Package: graphics 2006/02/20 v1.0o Standard LaTeX Graphics (DPC,SPQR)

(/usr/share/texmf/tex/latex/graphics/trig.sty
Package: trig 1999/03/16 v1.09 sin cos tan (DPC)
)
(/usr/share/texmf/tex/latex/config/graphics.cfg
File: graphics.cfg 2007/01/18 v1.5 graphics configuration of teTeX/TeXLive
)
Package graphics Info: Driver file: pdftex.def on input line 90.

(/usr/share/texmf/tex/latex/pdftex-def/pdftex.def
File: pdftex.def 2007/01/08 v0.04d Graphics/color for pdfTeX
\Gread@gobject=\count88
))
\Gin@req@height=\dimen103
\Gin@req@width=\dimen104
)
(/usr/share/texmf/tex/latex/hyperref/hyperref.sty
Package: hyperref 2007/02/07 v6.75r Hypertext links for LaTeX
\@linkdim=\dimen105
\Hy@linkcounter=\count89
\Hy@pagecounter=\count90

(/usr/share/texmf/tex/latex/hyperref/pd1enc.def
File: pd1enc.def 2007/02/07 v6.75r Hyperref: PDFDocEncoding definition (HO)
)
(/usr/share/texmf/tex/latex/config/hyperref.cfg
File: hyperref.cfg 2002/06/06 v1.2 hyperref configuration of TeXLive
)
(/usr/share/texmf/tex/latex/oberdiek/kvoptions.sty
Package: kvoptions 2006/08/22 v2.4 Connects package keyval with LaTeX options (
HO)
)
Package hyperref Info: Hyper figures OFF on input line 2288.
Package hyperref Info: Link nesting OFF on input line 2293.
Package hyperref Info: Hyper index ON on input line 2296.
Package hyperref Info: Plain pages OFF on input line 2303.
Package hyperref Info: Backreferencing OFF on input line 2308.

Implicit mode ON; LaTeX internals redefined
Package hyperref Info: Bookmarks ON on input line 2444.
(/usr/share/texmf/tex/latex/ltxmisc/url.sty
\Urlmuskip=\muskip10
Package: url 2005/06/27  ver 3.2  Verb mode for urls, etc.
)
LaTeX Info: Redefining \url on input line 2599.
\Fld@menulength=\count91
\Field@Width=\dimen106
\Fld@charsize=\dimen107
\Choice@toks=\toks15
\Field@toks=\toks16
Package hyperref Info: Hyper figures OFF on input line 3102.
Package hyperref Info: Link nesting OFF on input line 3107.
Package hyperref Info: Hyper index ON on input line 3110.
Package hyperref Info: backreferencing OFF on input line 3117.
Package hyperref Info: Link coloring OFF on input line 3122.
\Hy@abspage=\count92
\c@Item=\count93
\c@Hfootnote=\count94
)
*hyperref using default driver hpdftex*
(/usr/share/texmf/tex/latex/hyperref/hpdftex.def
File: hpdftex.def 2007/02/07 v6.75r Hyperref driver for pdfTeX
\Fld@listcount=\count95
) (./RMAExpress_UsersGuide.aux)
\openout1 = `RMAExpress_UsersGuide.aux'.

LaTeX Font Info:    Checking defaults for OML/cmm/m/it on input line 15.
LaTeX Font Info:    ... okay on input line 15.
LaTeX Font Info:    Checking defaults for T1/cmr/m/n on input line 15.
LaTeX Font Info:    ... okay on input line 15.
LaTeX Font Info:    Checking defaults for OT1/cmr/m/n on input line 15.
LaTeX Font Info:    ... okay on input line 15.
LaTeX Font Info:    Checking defaults for OMS/cmsy/m/n on input line 15.
LaTeX Font Info:    ... okay on input line 15.
LaTeX Font Info:    Checking defaults for OMX/cmex/m/n on input line 15.
LaTeX Font Info:    ... okay on input line 15.
LaTeX Font Info:    Checking defaults for U/cmr/m/n on input line 15.
LaTeX Font Info:    ... okay on input line 15.
LaTeX Font Info:    Checking defaults for PD1/pdf/m/n on input line 15.
LaTeX Font Info:    ... okay on input line 15.
Package hyperref Info: Link coloring OFF on input line 15.
(/usr/share/texmf/tex/latex/hyperref/nameref.sty
Package: nameref 2006/12/27 v2.28 Cross-referencing by name of section

(/usr/share/texmf/tex/latex/oberdiek/refcount.sty
Package: refcount 2006/02/20 v3.0 Data extraction from references (HO)
)
\c@section@level=\count96
)
LaTeX Info: Redefining \ref on input line 15.
LaTeX Info: Redefining \pageref on input line 15.

(./RMAExpress_UsersGuide.out) (./RMAExpress_UsersGuide.out)
\@outlinefile=\write3
\openout3 = `RMAExpress_UsersGuide.out'.

LaTeX Font Info:    External font `cmex10' loaded for size
(Font)              <7> on input line 17.
LaTeX Font Info:    External font `cmex10' loaded for size
(Font)              <5> on input line 17.
LaTeX Font Info:    External font `cmex10' loaded for size
(Font)              <12> on input line 17.
LaTeX Font Info:    External font `cmex10' loaded for size
(Font)              <8> on input line 17.
LaTeX Font Info:    External font `cmex10' loaded for size
(Font)              <6> on input line 17.
 [1

{/usr/share/texmf/fonts/map/pdftex/updmap/pdftex.map}] (./RMAExpress_UsersGuide
.toc
LaTeX Font Info:    External font `cmex10' loaded for size
(Font)              <10.95> on input line 2.
pdfTeX warning (ext4): destination with the same identifier (name{page.1}) has 
been already used, duplicate ignored
<to be read again> 
                   \relax 
l.30 ...C}Brief changelog/history}{38}{appendix.C}
                                                   [1

])
\tf@toc=\write4
\openout4 = `RMAExpress_UsersGuide.toc'.

 [2]
Chapter 1.
LaTeX Font Info:    Try loading font information for OMS+cmss on input line 30.

LaTeX Font Info:    No file OMScmss.fd. on input line 30.

LaTeX Font Warning: Font shape `OMS/cmss/m/n' undefined
(Font)              using `OMS/cmsy/m/n' instead
(Font)              for symbol `textbullet' on input line 30.


Underfull \hbox (badness 10000) in paragraph at lines 43--44

 []


Underfull \hbox (badness 10000) in paragraph at lines 43--44

 []

[3

] <install0.png, id=198, 333.245pt x 126.4725pt>
File: install0.png Graphic file (type png)
 <use install0.png>

LaTeX Font Warning: Font shape `OT1/cmss/m/it' in size <10.95> not available
(Font)              Font shape `OT1/cmss/m/sl' tried instead on input line 48.


Underfull \hbox (badness 10000) in paragraph at lines 50--51

 []


Underfull \hbox (badness 10000) in paragraph at lines 50--51

 []

<Setup1.png, id=199, 504.88625pt x 393.47pt>
File: Setup1.png Graphic file (type png)
 <use Setup1.png>
Underfull \hbox (badness 10000) in paragraph at lines 55--58

 []


Underfull \hbox (badness 10000) in paragraph at lines 55--58

 []

<Setup2.png, id=200, 504.88625pt x 393.47pt>
File: Setup2.png Graphic file (type png)
 <use Setup2.png> [4 <./install0.png (PNG copy)> <./Setup1.png (PNG copy)>]
Underfull \hbox (badness 10000) in paragraph at lines 61--62

 []


Underfull \hbox (badness 10000) in paragraph at lines 61--62

 []


Underfull \hbox (badness 10000) in paragraph at lines 62--63

 []


Underfull \hbox (badness 10000) in paragraph at lines 62--63

 []

<Setup3.png, id=209, 504.88625pt x 393.47pt>
File: Setup3.png Graphic file (type png)
 <use Setup3.png>
Underfull \hbox (badness 10000) in paragraph at lines 67--68

 []


Underfull \hbox (badness 10000) in paragraph at lines 67--68

 []

[5 <./Setup2.png (PNG copy)> <./Setup3.png (PNG copy)>]
<Setup4.png, id=216, 504.88625pt x 393.47pt>
File: Setup4.png Graphic file (type png)
 <use Setup4.png>
Underfull \hbox (badness 10000) in paragraph at lines 71--73

 []


Underfull \hbox (badness 10000) in paragraph at lines 71--73

 []

<Setup5.png, id=217, 504.88625pt x 393.47pt>
File: Setup5.png Graphic file (type png)
 <use Setup5.png>
Underfull \hbox (badness 10000) in paragraph at lines 77--78

 []


Underfull \hbox (badness 10000) in paragraph at lines 77--78

 []

<Setup6.png, id=218, 504.88625pt x 393.47pt>
File: Setup6.png Graphic file (type png)
 <use Setup6.png> [6 <./Setup4.png (PNG copy)> <./Setup5.png (PNG copy)>]
Underfull \hbox (badness 10000) in paragraph at lines 81--82

 []


Underfull \hbox (badness 10000) in paragraph at lines 81--82

 []

<Setup7.png, id=226, 504.88625pt x 393.47pt>
File: Setup7.png Graphic file (type png)
 <use Setup7.png> [7 <./Setup6.png (PNG copy)> <./Setup7.png (PNG copy)>]
Chapter 2.

Underfull \hbox (badness 10000) in paragraph at lines 96--97

 []


Underfull \hbox (badness 10000) in paragraph at lines 96--97

 []

<mainwindow.png, id=232, 507.8975pt x 358.33875pt>
File: mainwindow.png Graphic file (type png)
 <use mainwindow.png>
[8

 <./mainwindow.png (PNG copy)>]
Underfull \hbox (badness 10000) in paragraph at lines 115--116

 []


Underfull \hbox (badness 10000) in paragraph at lines 115--116

 []

<Filemenu1.png, id=237, 507.8975pt x 358.33875pt>
File: Filemenu1.png Graphic file (type png)
 <use Filemenu1.png>
<showmenu.png, id=238, 507.8975pt x 358.33875pt>
File: showmenu.png Graphic file (type png)
 <use showmenu.png>
Underfull \hbox (badness 10000) in paragraph at lines 123--124

 []


Underfull \hbox (badness 10000) in paragraph at lines 123--124

 []

[9 <./Filemenu1.png (PNG copy)> <./showmenu.png (PNG copy)>]
<preferenceswindow.png, id=243, 470.75874pt x 194.7275pt>
File: preferenceswindow.png Graphic file (type png)

<use preferenceswindow.png>
Underfull \hbox (badness 10000) in paragraph at lines 136--137

 []


Underfull \hbox (badness 10000) in paragraph at lines 136--137

 []

<openwindow.png, id=244, 565.11125pt x 417.56pt>
File: openwindow.png Graphic file (type png)
 <use openwindow.png> [10 <./preferenceswindow.png (PNG copy)>]
Underfull \hbox (badness 10000) in paragraph at lines 142--143

 []


Underfull \hbox (badness 10000) in paragraph at lines 142--143

 []

<openwindow2.png, id=249, 565.11125pt x 417.56pt>
File: openwindow2.png Graphic file (type png)
 <use openwindow2.png>
<CDFRead.png, id=250, 141.52875pt x 121.45375pt>
File: CDFRead.png Graphic file (type png)
 <use CDFRead.png>
<CELRead.png, id=251, 124.465pt x 121.45375pt>
File: CELRead.png Graphic file (type png)
 <use CELRead.png> [11 <./openwindow.png (PNG copy)> <./openwindow2.png (PNG co
py)>]
Underfull \hbox (badness 10000) in paragraph at lines 155--156

 []


Underfull \hbox (badness 10000) in paragraph at lines 155--156

 []

<Filemenu2.png, id=256, 211.79124pt x 178.6675pt>
File: Filemenu2.png Graphic file (type png)
 <use Filemenu2.png>
<showmenu1.png, id=257, 148.555pt x 100.375pt>
File: showmenu1.png Graphic file (type png)
 <use showmenu1.png>
Underfull \hbox (badness 10000) in paragraph at lines 183--184

 []


Underfull \hbox (badness 10000) in paragraph at lines 183--184

 []

<preprocessingstep.png, id=259, 196.735pt x 408.52625pt>
File: preprocessingstep.png Graphic file (type png)

<use preprocessingstep.png> [12 <./CDFRead.png (PNG copy)> <./CELRead.png (PNG 
copy)> <./Filemenu2.png (PNG copy)> <./showmenu1.png (PNG copy)>]
<Filemenu3.png, id=266, 211.79124pt x 177.66376pt>
File: Filemenu3.png Graphic file (type png)
 <use Filemenu3.png> [13 <./preprocessingstep.png (PNG copy)> <./Filemenu3.png 
(PNG copy)>]
Underfull \hbox (badness 10000) in paragraph at lines 203--204

 []


Underfull \hbox (badness 10000) in paragraph at lines 203--204

 []

<showmenu2.png, id=271, 148.555pt x 100.375pt>
File: showmenu2.png Graphic file (type png)
 <use showmenu2.png>
<showmenu3.png, id=273, 148.555pt x 100.375pt>
File: showmenu3.png Graphic file (type png)
 <use showmenu3.png>
<rawdatavisualize1.png, id=275, 589.20125pt x 315.1775pt>
File: rawdatavisualize1.png Graphic file (type png)

<use rawdatavisualize1.png>
<rawdatavisualize2.png, id=276, 97.36375pt x 84.315pt>
File: rawdatavisualize2.png Graphic file (type png)

<use rawdatavisualize2.png>
<rawdatavisualize3.png, id=277, 154.5775pt x 75.28125pt>
File: rawdatavisualize3.png Graphic file (type png)

<use rawdatavisualize3.png> [14 <./showmenu2.png (PNG copy)> <./showmenu3.png (
PNG copy)> <./rawdatavisualize1.png (PNG copy)>]
<rawdatavisualizeboxplot.png, id=284, 1035.87pt x 748.7975pt>
File: rawdatavisualizeboxplot.png Graphic file (type png)

<use rawdatavisualizeboxplot.png> [15 <./rawdatavisualize2.png (PNG copy)> <./r
awdatavisualize3.png (PNG copy)> <./rawdatavisualizeboxplot.png (PNG copy)>]
<rawdatavisualizedensity.png, id=289, 1035.87pt x 748.7975pt>
File: rawdatavisualizedensity.png Graphic file (type png)

<use rawdatavisualizedensity.png> [16

 <./rawdatavisualizedensity.png (PNG copy)>] <rawdatavisualizedensityindividual
.png, id=294, 1035.87pt x 748.7975pt>
File: rawdatavisualizedensityindividual.png Graphic file (type png)

<use rawdatavisualizedensityindividual.png>
<bitmapsettings.png, id=295, 618.31pt x 227.85126pt>
File: bitmapsettings.png Graphic file (type png)
 <use bitmapsettings.png>
Underfull \hbox (badness 10000) in paragraph at lines 272--274

 []


Underfull \hbox (badness 10000) in paragraph at lines 272--274

 []

[17

 <./rawdatavisualizedensityindividual.png (PNG copy)> <./bitmapsettings.png (PN
G copy)>] <residualsimages.png, id=300, 1035.87pt x 748.7975pt>
File: residualsimages.png Graphic file (type png)

<use residualsimages.png>
<residualsimagescontrol1.png, id=302, 199.74625pt x 132.495pt>
File: residualsimagescontrol1.png Graphic file (type png)

<use residualsimagescontrol1.png>
<residualsimagescontrol2.png, id=303, 172.645pt x 264.99pt>
File: residualsimagescontrol2.png Graphic file (type png)

<use residualsimagescontrol2.png> [18 <./residualsimages.png (PNG copy)>]
<QCVisualize1.png, id=309, 522.95375pt x 323.2075pt>
File: QCVisualize1.png Graphic file (type png)
 <use QCVisualize1.png>
<QCVisualize2.png, id=310, 219.82124pt x 162.6075pt>
File: QCVisualize2.png Graphic file (type png)
 <use QCVisualize2.png>
<QCVisualize3.png, id=311, 137.51375pt x 213.79875pt>
File: QCVisualize3.png Graphic file (type png)
 <use QCVisualize3.png>
[19 <./residualsimagescontrol1.png (PNG copy)> <./residualsimagescontrol2.png (
PNG copy)> <./QCVisualize1.png (PNG copy)> <./QCVisualize2.png (PNG copy)> <./Q
CVisualize3.png (PNG copy)>] <RLEBoxplot.png, id=316, 1035.87pt x 748.7975pt>
File: RLEBoxplot.png Graphic file (type png)

<use RLEBoxplot.png> <RLEMedians.png, id=317, 1035.87pt x 748.7975pt>
File: RLEMedians.png Graphic file (type png)

<use RLEMedians.png> [20 <./RLEBoxplot.png (PNG copy)>]
<RLEIQRs.png, id=322, 1035.87pt x 748.7975pt>
File: RLEIQRs.png Graphic file (type png)
 <use RLEIQRs.png> [21 <./RLEMedians.png (PNG copy)> <./RLEIQRs.png (PNG copy)>
]
<NUSEBoxplot.png, id=327, 1035.87pt x 748.7975pt>
File: NUSEBoxplot.png Graphic file (type png)
 <use NUSEBoxplot.png>
<NUSEMedians.png, id=328, 1035.87pt x 748.7975pt>
File: NUSEMedians.png Graphic file (type png)
 <use NUSEMedians.png>
[22 <./NUSEBoxplot.png (PNG copy)>]
<NUSEIQRs.png, id=333, 1035.87pt x 748.7975pt>
File: NUSEIQRs.png Graphic file (type png)
 <use NUSEIQRs.png> [23 <./NUSEMedians.png (PNG copy)> <./NUSEIQRs.png (PNG cop
y)>]
<RLENUSEMultiplot_New.pdf, id=338, 794.97pt x 614.295pt>
File: RLENUSEMultiplot_New.pdf Graphic file (type pdf)

<use RLENUSEMultiplot_New.pdf> <RLE_NUSE_T2.pdf, id=339, 794.97pt x 614.295pt>
File: RLE_NUSE_T2.pdf Graphic file (type pdf)

<use RLE_NUSE_T2.pdf> [24 <./RLENUSEMultiplot_New.pdf, page is rotated 90 degre
es>] [25 <./RLE_NUSE_T2.pdf, page is rotated 90 degrees>]
Chapter 3.
<dataconvertor.png, id=365, 1011.78pt x 345.29pt>
File: dataconvertor.png Graphic file (type png)
 <use dataconvertor.png>
[26

 <./dataconvertor.png (PNG copy)>] [27] [28] [29]
Chapter 4.
[30

] <Runtimes.pdf, id=389, 505.89pt x 505.89pt>
File: Runtimes.pdf Graphic file (type pdf)
 <use Runtimes.pdf> [31 <./Runtimes.pdf>] [32] [33]
Appendix A.
[34

]
Appendix B.
[35

]
Underfull \hbox (badness 10000) in paragraph at lines 614--619

 []


Underfull \hbox (badness 10000) in paragraph at lines 614--619

 []


Underfull \hbox (badness 10000) in paragraph at lines 623--626

 []

[36] [37]
Appendix C.
[38

]
Overfull \hbox (32.25974pt too wide) in paragraph at lines 720--770
[][]
 []


Underfull \hbox (badness 10000) in paragraph at lines 720--770

 []

[39

]
Appendix D.

Underfull \hbox (badness 10000) in paragraph at lines 778--801

 []

[40

] (./RMAExpress_UsersGuide.aux)

LaTeX Font Warning: Some font shapes were not available, defaults substituted.

 ) 
Here is how much of TeX's memory you used:
 2879 strings out of 256216
 40989 string characters out of 1917071
 93548 words of memory out of 1500000
 6037 multiletter control sequences out of 10000+200000
 11596 words of font info for 41 fonts, out of 1200000 for 2000
 645 hyphenation exceptions out of 8191
 25i,6n,36p,1364b,515s stack positions out of 5000i,500n,6000p,200000b,15000s
</usr/share/texmf/fonts/type1/bluesky/cm/cmr10.pfb></usr/share/texmf/fonts/ty
pe1/bluesky/cm/cmr8.pfb></usr/share/texmf/fonts/type1/bluesky/cm/cmss10.pfb></u
sr/share/texmf/fonts/type1/bluesky/cm/cmss12.pfb></usr/share/texmf/fonts/type1/
bluesky/cm/cmss17.pfb></usr/share/texmf/fonts/type1/bluesky/cm/cmssbx10.pfb></u
sr/share/texmf/fonts/type1/bluesky/cm/cmssi10.pfb></usr/share/texmf/fonts/type1
/bluesky/cm/cmsy10.pfb></usr/share/texmf/fonts/type1/bluesky/cm/cmtt10.pfb>
Output written on RMAExpress_UsersGuide.pdf (41 pages, 1311359 bytes).
PDF statistics:
 503 PDF objects out of 1000 (max. 8388607)
 91 named destinations out of 1000 (max. 131072)
 498 words of extra memory for PDF output out of 10000 (max. 10000000)

