\BOOKMARK [0][-]{chapter.1}{Introduction}{}
\BOOKMARK [1][-]{section.1.1}{What is RMAExpress?}{chapter.1}
\BOOKMARK [1][-]{section.1.2}{Installing the software}{chapter.1}
\BOOKMARK [0][-]{chapter.2}{RMAExpress: the main application}{}
\BOOKMARK [1][-]{section.2.1}{Exploring RMAExpress}{chapter.2}
\BOOKMARK [1][-]{section.2.2}{Setting the preferences}{chapter.2}
\BOOKMARK [1][-]{section.2.3}{Loading in data}{chapter.2}
\BOOKMARK [1][-]{section.2.4}{Computing Expression Values}{chapter.2}
\BOOKMARK [1][-]{section.2.5}{Visualizing the Raw Data}{chapter.2}
\BOOKMARK [1][-]{section.2.6}{Quality Assessment}{chapter.2}
\BOOKMARK [2][-]{subsection.2.6.1}{Residuals Image}{section.2.6}
\BOOKMARK [2][-]{subsection.2.6.2}{PLM based quality assessment}{section.2.6}
\BOOKMARK [0][-]{chapter.3}{RMADataConv: the data converter}{}
\BOOKMARK [1][-]{section.3.1}{The main dialog}{chapter.3}
\BOOKMARK [1][-]{section.3.2}{Converting a set of CEL or a CDF file to RME format}{chapter.3}
\BOOKMARK [1][-]{section.3.3}{Restricting the set of probesets used}{chapter.3}
\BOOKMARK [1][-]{section.3.4}{Turning PGF and CLF files into CDFRME files for Exon Array Analysis}{chapter.3}
\BOOKMARK [2][-]{subsection.3.4.1}{Using PS files}{section.3.4}
\BOOKMARK [2][-]{subsection.3.4.2}{Using MPS files}{section.3.4}
\BOOKMARK [1][-]{section.3.5}{Merging MG\137U74A and MG\137U74Av2 datasets}{chapter.3}
\BOOKMARK [0][-]{chapter.4}{RMAExpressConsole: the console application}{}
\BOOKMARK [1][-]{section.4.1}{How long will it take?}{chapter.4}
\BOOKMARK [1][-]{section.4.2}{Examples}{chapter.4}
\BOOKMARK [0][-]{appendix.A}{Reference Material}{}
\BOOKMARK [0][-]{appendix.B}{Building RMAExpress from source code}{}
\BOOKMARK [1][-]{section.B.1}{Building native binaries for Linux}{appendix.B}
\BOOKMARK [1][-]{section.B.2}{Building native binaries for Windows}{appendix.B}
\BOOKMARK [1][-]{section.B.3}{How to install a cross-compiler on a Linux machine to produce RMAExpress Windows binaries.}{appendix.B}
\BOOKMARK [1][-]{section.B.4}{How to build RMAExpress on a Windows machine using MinGW}{appendix.B}
\BOOKMARK [0][-]{appendix.C}{Brief changelog/history}{}
\BOOKMARK [0][-]{appendix.D}{File format information}{}
\BOOKMARK [1][-]{section.D.1}{Binary format output file}{appendix.D}
